0 info it worked if it ends with ok
1 verbose cli [ 'C:\\Program Files\\nodejs\\node.exe',
1 verbose cli   'C:\\Program Files\\nodejs\\node_modules\\npm\\bin\\npm-cli.js',
1 verbose cli   'run',
1 verbose cli   'start:dev' ]
2 info using npm@3.10.8
3 info using node@v6.9.0
4 verbose run-script [ 'prestart:dev', 'start:dev', 'poststart:dev' ]
5 info lifecycle project@0.0.1~prestart:dev: project@0.0.1
6 silly lifecycle project@0.0.1~prestart:dev: no script for prestart:dev, continuing
7 info lifecycle project@0.0.1~start:dev: project@0.0.1
8 verbose lifecycle project@0.0.1~start:dev: unsafe-perm in lifecycle true
9 verbose lifecycle project@0.0.1~start:dev: PATH: C:\Users\admin\AppData\Roaming\nvm\v6.9.0\node_modules\npm\bin\node-gyp-bin;F:\egg\node_modules\.bin;C:\WINDOWS\system32;C:\WINDOWS;C:\WINDOWS\System32\Wbem;C:\WINDOWS\System32\WindowsPowerShell\v1.0\;C:\Program Files\Microsoft VS Code\bin;C:\Program Files\Git\cmd;C:\Program Files\nodejs\;C:\WINDOWS\System32\OpenSSH\;C:\Windows\System32;%NVM_HOME%;%NVM_SYMLINK%;C:\Users\admin\AppData\Local\Microsoft\WindowsApps;C:\Users\admin\AppData\Roaming\npm;C:\Users\admin\AppData\Roaming\nvm
10 verbose lifecycle project@0.0.1~start:dev: CWD: F:\egg
11 silly lifecycle project@0.0.1~start:dev: Args: [ '/d /s /c', 'nest start --watch' ]
12 silly lifecycle project@0.0.1~start:dev: Returned: code: 1  signal: null
13 info lifecycle project@0.0.1~start:dev: Failed to exec start:dev script
14 verbose stack Error: project@0.0.1 start:dev: `nest start --watch`
14 verbose stack Exit status 1
14 verbose stack     at EventEmitter.<anonymous> (C:\Users\admin\AppData\Roaming\nvm\v6.9.0\node_modules\npm\lib\utils\lifecycle.js:255:16)
14 verbose stack     at emitTwo (events.js:106:13)
14 verbose stack     at EventEmitter.emit (events.js:191:7)
14 verbose stack     at ChildProcess.<anonymous> (C:\Users\admin\AppData\Roaming\nvm\v6.9.0\node_modules\npm\lib\utils\spawn.js:40:14)
14 verbose stack     at emitTwo (events.js:106:13)
14 verbose stack     at ChildProcess.emit (events.js:191:7)
14 verbose stack     at maybeClose (internal/child_process.js:877:16)
14 verbose stack     at Process.ChildProcess._handle.onexit (internal/child_process.js:226:5)
15 verbose pkgid project@0.0.1
16 verbose cwd F:\egg
17 error Windows_NT 10.0.17763
18 error argv "C:\\Program Files\\nodejs\\node.exe" "C:\\Program Files\\nodejs\\node_modules\\npm\\bin\\npm-cli.js" "run" "start:dev"
19 error node v6.9.0
20 error npm  v3.10.8
21 error code ELIFECYCLE
22 error project@0.0.1 start:dev: `nest start --watch`
22 error Exit status 1
23 error Failed at the project@0.0.1 start:dev script 'nest start --watch'.
23 error Make sure you have the latest version of node.js and npm installed.
23 error If you do, this is most likely a problem with the project package,
23 error not with npm itself.
23 error Tell the author that this fails on your system:
23 error     nest start --watch
23 error You can get information on how to open an issue for this project with:
23 error     npm bugs project
23 error Or if that isn't available, you can get their info via:
23 error     npm owner ls project
23 error There is likely additional logging output above.
24 verbose exit [ 1, true ]
