2019-12-05 10:46:02,381 INFO 233348 [Timer] F:\egg\node_modules\egg-multipart\app\schedule\clean_tmpdir.js next time will execute after 63837625ms at 2019-12-06 04:30:00.006
2019-12-05 10:46:02,381 INFO 233348 [Timer] F:\egg\node_modules\egg-logrotator\app\schedule\clean_log.js next time will execute after 47637619ms at 2019-12-06 00:00:00.000
2019-12-05 10:46:02,382 INFO 233348 [Timer] F:\egg\node_modules\egg-logrotator\app\schedule\rotate_by_file.js next time will execute after 47638619ms at 2019-12-06 00:00:01.001
2019-12-05 10:46:02,241 INFO 233192 [egg-schedule]: register schedule F:\egg\node_modules\egg-multipart\app\schedule\clean_tmpdir.js
2019-12-05 10:46:02,241 INFO 233192 [egg-schedule]: register schedule F:\egg\node_modules\egg-logrotator\app\schedule\clean_log.js
2019-12-05 10:46:02,241 INFO 233192 [egg-schedule]: register schedule F:\egg\node_modules\egg-logrotator\app\schedule\rotate_by_file.js
2019-12-05 10:46:52,776 INFO 232708 [egg-schedule]: register schedule F:\egg\node_modules\egg-multipart\app\schedule\clean_tmpdir.js
2019-12-05 10:46:52,776 INFO 232708 [egg-schedule]: register schedule F:\egg\node_modules\egg-logrotator\app\schedule\clean_log.js
2019-12-05 10:46:52,776 INFO 232708 [egg-schedule]: register schedule F:\egg\node_modules\egg-logrotator\app\schedule\rotate_by_file.js
2019-12-05 10:46:53,941 INFO 231628 [egg-schedule]: register schedule F:\egg\node_modules\egg-multipart\app\schedule\clean_tmpdir.js
2019-12-05 10:46:53,941 INFO 231628 [egg-schedule]: register schedule F:\egg\node_modules\egg-logrotator\app\schedule\clean_log.js
2019-12-05 10:46:53,941 INFO 231628 [egg-schedule]: register schedule F:\egg\node_modules\egg-logrotator\app\schedule\rotate_by_file.js
2019-12-05 10:47:11,066 INFO 230288 [Timer] F:\egg\node_modules\egg-multipart\app\schedule\clean_tmpdir.js next time will execute after 63768937ms at 2019-12-06 04:30:00.003
2019-12-05 10:47:11,067 INFO 230288 [Timer] F:\egg\node_modules\egg-logrotator\app\schedule\clean_log.js next time will execute after 47568934ms at 2019-12-06 00:00:00.001
2019-12-05 10:47:11,067 INFO 230288 [Timer] F:\egg\node_modules\egg-logrotator\app\schedule\rotate_by_file.js next time will execute after 47569933ms at 2019-12-06 00:00:01.000
2019-12-05 10:47:10,957 INFO 233176 [egg-schedule]: register schedule F:\egg\node_modules\egg-multipart\app\schedule\clean_tmpdir.js
2019-12-05 10:47:10,957 INFO 233176 [egg-schedule]: register schedule F:\egg\node_modules\egg-logrotator\app\schedule\clean_log.js
2019-12-05 10:47:10,957 INFO 233176 [egg-schedule]: register schedule F:\egg\node_modules\egg-logrotator\app\schedule\rotate_by_file.js
2019-12-05 10:47:17,763 INFO 232660 [egg-schedule]: register schedule F:\egg\node_modules\egg-multipart\app\schedule\clean_tmpdir.js
2019-12-05 10:47:17,763 INFO 232660 [egg-schedule]: register schedule F:\egg\node_modules\egg-logrotator\app\schedule\clean_log.js
2019-12-05 10:47:17,763 INFO 232660 [egg-schedule]: register schedule F:\egg\node_modules\egg-logrotator\app\schedule\rotate_by_file.js
2019-12-05 10:47:19,063 INFO 232780 [egg-schedule]: register schedule F:\egg\node_modules\egg-multipart\app\schedule\clean_tmpdir.js
2019-12-05 10:47:19,063 INFO 232780 [egg-schedule]: register schedule F:\egg\node_modules\egg-logrotator\app\schedule\clean_log.js
2019-12-05 10:47:19,063 INFO 232780 [egg-schedule]: register schedule F:\egg\node_modules\egg-logrotator\app\schedule\rotate_by_file.js
2019-12-05 11:00:25,046 INFO 233320 [Timer] F:\egg\node_modules\egg-multipart\app\schedule\clean_tmpdir.js next time will execute after 62974958ms at 2019-12-06 04:30:00.004
2019-12-05 11:00:25,047 INFO 233320 [Timer] F:\egg\node_modules\egg-logrotator\app\schedule\clean_log.js next time will execute after 46774954ms at 2019-12-06 00:00:00.001
2019-12-05 11:00:25,047 INFO 233320 [Timer] F:\egg\node_modules\egg-logrotator\app\schedule\rotate_by_file.js next time will execute after 46775953ms at 2019-12-06 00:00:01.000
2019-12-05 11:00:24,938 INFO 97140 [egg-schedule]: register schedule F:\egg\node_modules\egg-multipart\app\schedule\clean_tmpdir.js
2019-12-05 11:00:24,938 INFO 97140 [egg-schedule]: register schedule F:\egg\node_modules\egg-logrotator\app\schedule\clean_log.js
2019-12-05 11:00:24,939 INFO 97140 [egg-schedule]: register schedule F:\egg\node_modules\egg-logrotator\app\schedule\rotate_by_file.js
2019-12-05 11:00:53,430 INFO 227824 [egg-schedule]: register schedule F:\egg\node_modules\egg-multipart\app\schedule\clean_tmpdir.js
2019-12-05 11:00:53,430 INFO 227824 [egg-schedule]: register schedule F:\egg\node_modules\egg-logrotator\app\schedule\clean_log.js
2019-12-05 11:00:53,430 INFO 227824 [egg-schedule]: register schedule F:\egg\node_modules\egg-logrotator\app\schedule\rotate_by_file.js
2019-12-05 11:00:54,664 INFO 233560 [egg-schedule]: register schedule F:\egg\node_modules\egg-multipart\app\schedule\clean_tmpdir.js
2019-12-05 11:00:54,664 INFO 233560 [egg-schedule]: register schedule F:\egg\node_modules\egg-logrotator\app\schedule\clean_log.js
2019-12-05 11:00:54,664 INFO 233560 [egg-schedule]: register schedule F:\egg\node_modules\egg-logrotator\app\schedule\rotate_by_file.js
2019-12-05 11:01:31,480 INFO 233460 [Timer] F:\egg\node_modules\egg-multipart\app\schedule\clean_tmpdir.js next time will execute after 62908524ms at 2019-12-06 04:30:00.004
2019-12-05 11:01:31,480 INFO 233460 [Timer] F:\egg\node_modules\egg-logrotator\app\schedule\clean_log.js next time will execute after 46708520ms at 2019-12-06 00:00:00.000
2019-12-05 11:01:31,481 INFO 233460 [Timer] F:\egg\node_modules\egg-logrotator\app\schedule\rotate_by_file.js next time will execute after 46709520ms at 2019-12-06 00:00:01.001
2019-12-05 11:01:31,326 INFO 233828 [egg-schedule]: register schedule F:\egg\node_modules\egg-multipart\app\schedule\clean_tmpdir.js
2019-12-05 11:01:31,326 INFO 233828 [egg-schedule]: register schedule F:\egg\node_modules\egg-logrotator\app\schedule\clean_log.js
2019-12-05 11:01:31,326 INFO 233828 [egg-schedule]: register schedule F:\egg\node_modules\egg-logrotator\app\schedule\rotate_by_file.js
2019-12-05 11:02:20,096 INFO 234908 [egg-schedule]: register schedule F:\egg\node_modules\egg-multipart\app\schedule\clean_tmpdir.js
2019-12-05 11:02:20,096 INFO 234908 [egg-schedule]: register schedule F:\egg\node_modules\egg-logrotator\app\schedule\clean_log.js
2019-12-05 11:02:20,096 INFO 234908 [egg-schedule]: register schedule F:\egg\node_modules\egg-logrotator\app\schedule\rotate_by_file.js
2019-12-05 11:04:28,632 INFO 234844 [Timer] F:\egg\node_modules\egg-multipart\app\schedule\clean_tmpdir.js next time will execute after 62731371ms at 2019-12-06 04:30:00.003
2019-12-05 11:04:28,632 INFO 234844 [Timer] F:\egg\node_modules\egg-logrotator\app\schedule\clean_log.js next time will execute after 46531368ms at 2019-12-06 00:00:00.000
2019-12-05 11:04:28,633 INFO 234844 [Timer] F:\egg\node_modules\egg-logrotator\app\schedule\rotate_by_file.js next time will execute after 46532367ms at 2019-12-06 00:00:01.000
2019-12-05 11:04:28,521 INFO 234528 [egg-schedule]: register schedule F:\egg\node_modules\egg-multipart\app\schedule\clean_tmpdir.js
2019-12-05 11:04:28,521 INFO 234528 [egg-schedule]: register schedule F:\egg\node_modules\egg-logrotator\app\schedule\clean_log.js
2019-12-05 11:04:28,521 INFO 234528 [egg-schedule]: register schedule F:\egg\node_modules\egg-logrotator\app\schedule\rotate_by_file.js
2019-12-05 11:05:11,655 INFO 228412 [egg-schedule]: register schedule F:\egg\node_modules\egg-multipart\app\schedule\clean_tmpdir.js
2019-12-05 11:05:11,655 INFO 228412 [egg-schedule]: register schedule F:\egg\node_modules\egg-logrotator\app\schedule\clean_log.js
2019-12-05 11:05:11,655 INFO 228412 [egg-schedule]: register schedule F:\egg\node_modules\egg-logrotator\app\schedule\rotate_by_file.js
2019-12-05 11:05:12,836 INFO 235356 [egg-schedule]: register schedule F:\egg\node_modules\egg-multipart\app\schedule\clean_tmpdir.js
2019-12-05 11:05:12,836 INFO 235356 [egg-schedule]: register schedule F:\egg\node_modules\egg-logrotator\app\schedule\clean_log.js
2019-12-05 11:05:12,836 INFO 235356 [egg-schedule]: register schedule F:\egg\node_modules\egg-logrotator\app\schedule\rotate_by_file.js
2019-12-05 11:05:46,141 INFO 230228 [egg-schedule]: register schedule F:\egg\node_modules\egg-multipart\app\schedule\clean_tmpdir.js
2019-12-05 11:05:46,141 INFO 230228 [egg-schedule]: register schedule F:\egg\node_modules\egg-logrotator\app\schedule\clean_log.js
2019-12-05 11:05:46,141 INFO 230228 [egg-schedule]: register schedule F:\egg\node_modules\egg-logrotator\app\schedule\rotate_by_file.js
2019-12-05 11:06:08,019 INFO 235316 [egg-schedule]: register schedule F:\egg\node_modules\egg-multipart\app\schedule\clean_tmpdir.js
2019-12-05 11:06:08,019 INFO 235316 [egg-schedule]: register schedule F:\egg\node_modules\egg-logrotator\app\schedule\clean_log.js
2019-12-05 11:06:08,019 INFO 235316 [egg-schedule]: register schedule F:\egg\node_modules\egg-logrotator\app\schedule\rotate_by_file.js
2019-12-05 11:06:09,610 INFO 208996 [egg-schedule]: register schedule F:\egg\node_modules\egg-multipart\app\schedule\clean_tmpdir.js
2019-12-05 11:06:09,610 INFO 208996 [egg-schedule]: register schedule F:\egg\node_modules\egg-logrotator\app\schedule\clean_log.js
2019-12-05 11:06:09,610 INFO 208996 [egg-schedule]: register schedule F:\egg\node_modules\egg-logrotator\app\schedule\rotate_by_file.js
2019-12-05 11:10:48,501 INFO 235468 [egg-schedule]: register schedule F:\egg\node_modules\egg-multipart\app\schedule\clean_tmpdir.js
2019-12-05 11:10:48,501 INFO 235468 [egg-schedule]: register schedule F:\egg\node_modules\egg-logrotator\app\schedule\clean_log.js
2019-12-05 11:10:48,501 INFO 235468 [egg-schedule]: register schedule F:\egg\node_modules\egg-logrotator\app\schedule\rotate_by_file.js
2019-12-05 11:12:58,812 INFO 233684 [egg-schedule]: register schedule F:\egg\node_modules\egg-multipart\app\schedule\clean_tmpdir.js
2019-12-05 11:12:58,812 INFO 233684 [egg-schedule]: register schedule F:\egg\node_modules\egg-logrotator\app\schedule\clean_log.js
2019-12-05 11:12:58,812 INFO 233684 [egg-schedule]: register schedule F:\egg\node_modules\egg-logrotator\app\schedule\rotate_by_file.js
2019-12-05 11:16:00,732 INFO 234820 [egg-schedule]: register schedule F:\egg\node_modules\egg-multipart\app\schedule\clean_tmpdir.js
2019-12-05 11:16:00,732 INFO 234820 [egg-schedule]: register schedule F:\egg\node_modules\egg-logrotator\app\schedule\clean_log.js
2019-12-05 11:16:00,732 INFO 234820 [egg-schedule]: register schedule F:\egg\node_modules\egg-logrotator\app\schedule\rotate_by_file.js
2019-12-05 11:17:09,633 INFO 233004 [egg-schedule]: register schedule F:\egg\node_modules\egg-multipart\app\schedule\clean_tmpdir.js
2019-12-05 11:17:09,633 INFO 233004 [egg-schedule]: register schedule F:\egg\node_modules\egg-logrotator\app\schedule\clean_log.js
2019-12-05 11:17:09,633 INFO 233004 [egg-schedule]: register schedule F:\egg\node_modules\egg-logrotator\app\schedule\rotate_by_file.js
2019-12-05 11:17:58,747 INFO 222356 [egg-schedule]: register schedule F:\egg\node_modules\egg-multipart\app\schedule\clean_tmpdir.js
2019-12-05 11:17:58,747 INFO 222356 [egg-schedule]: register schedule F:\egg\node_modules\egg-logrotator\app\schedule\clean_log.js
2019-12-05 11:17:58,747 INFO 222356 [egg-schedule]: register schedule F:\egg\node_modules\egg-logrotator\app\schedule\rotate_by_file.js
2019-12-05 11:18:41,079 INFO 214144 [Timer] F:\egg\node_modules\egg-multipart\app\schedule\clean_tmpdir.js next time will execute after 61878925ms at 2019-12-06 04:30:00.004
2019-12-05 11:18:41,079 INFO 214144 [Timer] F:\egg\node_modules\egg-logrotator\app\schedule\clean_log.js next time will execute after 45678921ms at 2019-12-06 00:00:00.000
2019-12-05 11:18:41,080 INFO 214144 [Timer] F:\egg\node_modules\egg-logrotator\app\schedule\rotate_by_file.js next time will execute after 45679921ms at 2019-12-06 00:00:01.001
2019-12-05 11:18:40,966 INFO 235368 [egg-schedule]: register schedule F:\egg\node_modules\egg-multipart\app\schedule\clean_tmpdir.js
2019-12-05 11:18:40,966 INFO 235368 [egg-schedule]: register schedule F:\egg\node_modules\egg-logrotator\app\schedule\clean_log.js
2019-12-05 11:18:40,966 INFO 235368 [egg-schedule]: register schedule F:\egg\node_modules\egg-logrotator\app\schedule\rotate_by_file.js
2019-12-05 11:24:13,316 INFO 210820 [egg-schedule]: register schedule F:\egg\node_modules\egg-multipart\app\schedule\clean_tmpdir.js
2019-12-05 11:24:13,316 INFO 210820 [egg-schedule]: register schedule F:\egg\node_modules\egg-logrotator\app\schedule\clean_log.js
2019-12-05 11:24:13,316 INFO 210820 [egg-schedule]: register schedule F:\egg\node_modules\egg-logrotator\app\schedule\rotate_by_file.js
2019-12-05 11:24:14,506 INFO 235112 [egg-schedule]: register schedule F:\egg\node_modules\egg-multipart\app\schedule\clean_tmpdir.js
2019-12-05 11:24:14,506 INFO 235112 [egg-schedule]: register schedule F:\egg\node_modules\egg-logrotator\app\schedule\clean_log.js
2019-12-05 11:24:14,506 INFO 235112 [egg-schedule]: register schedule F:\egg\node_modules\egg-logrotator\app\schedule\rotate_by_file.js
2019-12-05 11:25:28,446 INFO 232568 [egg-schedule]: register schedule F:\egg\node_modules\egg-multipart\app\schedule\clean_tmpdir.js
2019-12-05 11:25:28,446 INFO 232568 [egg-schedule]: register schedule F:\egg\node_modules\egg-logrotator\app\schedule\clean_log.js
2019-12-05 11:25:28,446 INFO 232568 [egg-schedule]: register schedule F:\egg\node_modules\egg-logrotator\app\schedule\rotate_by_file.js
2019-12-05 11:26:27,206 INFO 222756 [Timer] F:\egg\node_modules\egg-multipart\app\schedule\clean_tmpdir.js next time will execute after 61412798ms at 2019-12-06 04:30:00.004
2019-12-05 11:26:27,207 INFO 222756 [Timer] F:\egg\node_modules\egg-logrotator\app\schedule\clean_log.js next time will execute after 45212794ms at 2019-12-06 00:00:00.001
2019-12-05 11:26:27,207 INFO 222756 [Timer] F:\egg\node_modules\egg-logrotator\app\schedule\rotate_by_file.js next time will execute after 45213793ms at 2019-12-06 00:00:01.000
2019-12-05 11:26:27,096 INFO 235288 [egg-schedule]: register schedule F:\egg\node_modules\egg-multipart\app\schedule\clean_tmpdir.js
2019-12-05 11:26:27,096 INFO 235288 [egg-schedule]: register schedule F:\egg\node_modules\egg-logrotator\app\schedule\clean_log.js
2019-12-05 11:26:27,096 INFO 235288 [egg-schedule]: register schedule F:\egg\node_modules\egg-logrotator\app\schedule\rotate_by_file.js
2019-12-05 11:26:54,573 INFO 234836 [egg-schedule]: register schedule F:\egg\node_modules\egg-multipart\app\schedule\clean_tmpdir.js
2019-12-05 11:26:54,573 INFO 234836 [egg-schedule]: register schedule F:\egg\node_modules\egg-logrotator\app\schedule\clean_log.js
2019-12-05 11:26:54,573 INFO 234836 [egg-schedule]: register schedule F:\egg\node_modules\egg-logrotator\app\schedule\rotate_by_file.js
2019-12-05 11:26:55,881 INFO 136076 [egg-schedule]: register schedule F:\egg\node_modules\egg-multipart\app\schedule\clean_tmpdir.js
2019-12-05 11:26:55,881 INFO 136076 [egg-schedule]: register schedule F:\egg\node_modules\egg-logrotator\app\schedule\clean_log.js
2019-12-05 11:26:55,882 INFO 136076 [egg-schedule]: register schedule F:\egg\node_modules\egg-logrotator\app\schedule\rotate_by_file.js
2019-12-05 11:28:22,605 INFO 237016 [egg-schedule]: register schedule F:\egg\node_modules\egg-multipart\app\schedule\clean_tmpdir.js
2019-12-05 11:28:22,605 INFO 237016 [egg-schedule]: register schedule F:\egg\node_modules\egg-logrotator\app\schedule\clean_log.js
2019-12-05 11:28:22,605 INFO 237016 [egg-schedule]: register schedule F:\egg\node_modules\egg-logrotator\app\schedule\rotate_by_file.js
2019-12-05 11:28:23,830 INFO 237100 [egg-schedule]: register schedule F:\egg\node_modules\egg-multipart\app\schedule\clean_tmpdir.js
2019-12-05 11:28:23,830 INFO 237100 [egg-schedule]: register schedule F:\egg\node_modules\egg-logrotator\app\schedule\clean_log.js
2019-12-05 11:28:23,830 INFO 237100 [egg-schedule]: register schedule F:\egg\node_modules\egg-logrotator\app\schedule\rotate_by_file.js
2019-12-05 11:28:45,848 INFO 237252 [egg-schedule]: register schedule F:\egg\node_modules\egg-multipart\app\schedule\clean_tmpdir.js
2019-12-05 11:28:45,848 INFO 237252 [egg-schedule]: register schedule F:\egg\node_modules\egg-logrotator\app\schedule\clean_log.js
2019-12-05 11:28:45,848 INFO 237252 [egg-schedule]: register schedule F:\egg\node_modules\egg-logrotator\app\schedule\rotate_by_file.js
2019-12-05 11:29:01,807 INFO 237416 [egg-schedule]: register schedule F:\egg\node_modules\egg-multipart\app\schedule\clean_tmpdir.js
2019-12-05 11:29:01,807 INFO 237416 [egg-schedule]: register schedule F:\egg\node_modules\egg-logrotator\app\schedule\clean_log.js
2019-12-05 11:29:01,807 INFO 237416 [egg-schedule]: register schedule F:\egg\node_modules\egg-logrotator\app\schedule\rotate_by_file.js
2019-12-05 11:34:16,599 INFO 237076 [Timer] F:\egg\node_modules\egg-multipart\app\schedule\clean_tmpdir.js next time will execute after 60943405ms at 2019-12-06 04:30:00.004
2019-12-05 11:34:16,599 INFO 237076 [Timer] F:\egg\node_modules\egg-logrotator\app\schedule\clean_log.js next time will execute after 44743401ms at 2019-12-06 00:00:00.000
2019-12-05 11:34:16,600 INFO 237076 [Timer] F:\egg\node_modules\egg-logrotator\app\schedule\rotate_by_file.js next time will execute after 44744401ms at 2019-12-06 00:00:01.001
2019-12-05 11:34:16,461 INFO 236376 [egg-schedule]: register schedule F:\egg\node_modules\egg-multipart\app\schedule\clean_tmpdir.js
2019-12-05 11:34:16,461 INFO 236376 [egg-schedule]: register schedule F:\egg\node_modules\egg-logrotator\app\schedule\clean_log.js
2019-12-05 11:34:16,461 INFO 236376 [egg-schedule]: register schedule F:\egg\node_modules\egg-logrotator\app\schedule\rotate_by_file.js
2019-12-05 11:34:59,426 INFO 233628 [egg-schedule]: register schedule F:\egg\node_modules\egg-multipart\app\schedule\clean_tmpdir.js
2019-12-05 11:34:59,426 INFO 233628 [egg-schedule]: register schedule F:\egg\node_modules\egg-logrotator\app\schedule\clean_log.js
2019-12-05 11:34:59,426 INFO 233628 [egg-schedule]: register schedule F:\egg\node_modules\egg-logrotator\app\schedule\rotate_by_file.js
2019-12-05 13:30:30,245 INFO 229648 [egg-schedule]: register schedule F:\egg\node_modules\egg-multipart\app\schedule\clean_tmpdir.js
2019-12-05 13:30:30,245 INFO 229648 [egg-schedule]: register schedule F:\egg\node_modules\egg-logrotator\app\schedule\clean_log.js
2019-12-05 13:30:30,245 INFO 229648 [egg-schedule]: register schedule F:\egg\node_modules\egg-logrotator\app\schedule\rotate_by_file.js
2019-12-05 13:30:32,017 INFO 240296 [egg-schedule]: register schedule F:\egg\node_modules\egg-multipart\app\schedule\clean_tmpdir.js
2019-12-05 13:30:32,017 INFO 240296 [egg-schedule]: register schedule F:\egg\node_modules\egg-logrotator\app\schedule\clean_log.js
2019-12-05 13:30:32,017 INFO 240296 [egg-schedule]: register schedule F:\egg\node_modules\egg-logrotator\app\schedule\rotate_by_file.js
2019-12-05 13:36:59,996 INFO 218080 [egg-schedule]: register schedule F:\egg\node_modules\egg-multipart\app\schedule\clean_tmpdir.js
2019-12-05 13:36:59,996 INFO 218080 [egg-schedule]: register schedule F:\egg\node_modules\egg-logrotator\app\schedule\clean_log.js
2019-12-05 13:36:59,996 INFO 218080 [egg-schedule]: register schedule F:\egg\node_modules\egg-logrotator\app\schedule\rotate_by_file.js
2019-12-05 13:37:03,943 INFO 112088 [egg-schedule]: register schedule F:\egg\node_modules\egg-multipart\app\schedule\clean_tmpdir.js
2019-12-05 13:37:03,943 INFO 112088 [egg-schedule]: register schedule F:\egg\node_modules\egg-logrotator\app\schedule\clean_log.js
2019-12-05 13:37:03,943 INFO 112088 [egg-schedule]: register schedule F:\egg\node_modules\egg-logrotator\app\schedule\rotate_by_file.js
2019-12-05 13:41:04,187 INFO 234388 [egg-schedule]: register schedule F:\egg\node_modules\egg-multipart\app\schedule\clean_tmpdir.js
2019-12-05 13:41:04,187 INFO 234388 [egg-schedule]: register schedule F:\egg\node_modules\egg-logrotator\app\schedule\clean_log.js
2019-12-05 13:41:04,187 INFO 234388 [egg-schedule]: register schedule F:\egg\node_modules\egg-logrotator\app\schedule\rotate_by_file.js
2019-12-05 13:45:53,786 INFO 219476 [egg-schedule]: register schedule F:\egg\node_modules\egg-multipart\app\schedule\clean_tmpdir.js
2019-12-05 13:45:53,786 INFO 219476 [egg-schedule]: register schedule F:\egg\node_modules\egg-logrotator\app\schedule\clean_log.js
2019-12-05 13:45:53,786 INFO 219476 [egg-schedule]: register schedule F:\egg\node_modules\egg-logrotator\app\schedule\rotate_by_file.js
2019-12-05 13:46:54,085 INFO 239904 [Timer] F:\egg\node_modules\egg-multipart\app\schedule\clean_tmpdir.js next time will execute after 52985919ms at 2019-12-06 04:30:00.004
2019-12-05 13:46:54,085 INFO 239904 [Timer] F:\egg\node_modules\egg-logrotator\app\schedule\clean_log.js next time will execute after 36785915ms at 2019-12-06 00:00:00.000
2019-12-05 13:46:54,085 INFO 239904 [Timer] F:\egg\node_modules\egg-logrotator\app\schedule\rotate_by_file.js next time will execute after 36786915ms at 2019-12-06 00:00:01.000
2019-12-05 13:46:53,955 INFO 240052 [egg-schedule]: register schedule F:\egg\node_modules\egg-multipart\app\schedule\clean_tmpdir.js
2019-12-05 13:46:53,955 INFO 240052 [egg-schedule]: register schedule F:\egg\node_modules\egg-logrotator\app\schedule\clean_log.js
2019-12-05 13:46:53,955 INFO 240052 [egg-schedule]: register schedule F:\egg\node_modules\egg-logrotator\app\schedule\rotate_by_file.js
2019-12-05 14:03:21,603 INFO 238296 [egg-schedule]: register schedule F:\egg\node_modules\egg-multipart\app\schedule\clean_tmpdir.js
2019-12-05 14:03:21,603 INFO 238296 [egg-schedule]: register schedule F:\egg\node_modules\egg-logrotator\app\schedule\clean_log.js
2019-12-05 14:03:21,603 INFO 238296 [egg-schedule]: register schedule F:\egg\node_modules\egg-logrotator\app\schedule\rotate_by_file.js
2019-12-05 14:04:02,687 INFO 228776 [egg-schedule]: register schedule F:\egg\node_modules\egg-multipart\app\schedule\clean_tmpdir.js
2019-12-05 14:04:02,687 INFO 228776 [egg-schedule]: register schedule F:\egg\node_modules\egg-logrotator\app\schedule\clean_log.js
2019-12-05 14:04:02,687 INFO 228776 [egg-schedule]: register schedule F:\egg\node_modules\egg-logrotator\app\schedule\rotate_by_file.js
2019-12-05 14:19:39,228 INFO 238056 [egg-schedule]: register schedule F:\egg\node_modules\egg-multipart\app\schedule\clean_tmpdir.js
2019-12-05 14:19:39,228 INFO 238056 [egg-schedule]: register schedule F:\egg\node_modules\egg-logrotator\app\schedule\clean_log.js
2019-12-05 14:19:39,229 INFO 238056 [egg-schedule]: register schedule F:\egg\node_modules\egg-logrotator\app\schedule\rotate_by_file.js
2019-12-05 14:55:00,262 INFO 239536 [Timer] F:\egg\node_modules\egg-multipart\app\schedule\clean_tmpdir.js next time will execute after 48899742ms at 2019-12-06 04:30:00.004
2019-12-05 14:55:00,263 INFO 239536 [Timer] F:\egg\node_modules\egg-logrotator\app\schedule\clean_log.js next time will execute after 32699738ms at 2019-12-06 00:00:00.000
2019-12-05 14:55:00,263 INFO 239536 [Timer] F:\egg\node_modules\egg-logrotator\app\schedule\rotate_by_file.js next time will execute after 32700737ms at 2019-12-06 00:00:01.000
2019-12-05 14:55:00,110 INFO 239952 [egg-schedule]: register schedule F:\egg\node_modules\egg-multipart\app\schedule\clean_tmpdir.js
2019-12-05 14:55:00,110 INFO 239952 [egg-schedule]: register schedule F:\egg\node_modules\egg-logrotator\app\schedule\clean_log.js
2019-12-05 14:55:00,110 INFO 239952 [egg-schedule]: register schedule F:\egg\node_modules\egg-logrotator\app\schedule\rotate_by_file.js
2019-12-05 14:55:01,574 INFO 102604 [egg-schedule]: register schedule F:\egg\node_modules\egg-multipart\app\schedule\clean_tmpdir.js
2019-12-05 14:55:01,574 INFO 102604 [egg-schedule]: register schedule F:\egg\node_modules\egg-logrotator\app\schedule\clean_log.js
2019-12-05 14:55:01,574 INFO 102604 [egg-schedule]: register schedule F:\egg\node_modules\egg-logrotator\app\schedule\rotate_by_file.js
2019-12-05 15:32:15,425 INFO 220432 [egg-schedule]: register schedule F:\egg\node_modules\egg-multipart\app\schedule\clean_tmpdir.js
2019-12-05 15:32:15,425 INFO 220432 [egg-schedule]: register schedule F:\egg\node_modules\egg-logrotator\app\schedule\clean_log.js
2019-12-05 15:32:15,425 INFO 220432 [egg-schedule]: register schedule F:\egg\node_modules\egg-logrotator\app\schedule\rotate_by_file.js
2019-12-05 15:32:16,904 INFO 237556 [egg-schedule]: register schedule F:\egg\node_modules\egg-multipart\app\schedule\clean_tmpdir.js
2019-12-05 15:32:16,904 INFO 237556 [egg-schedule]: register schedule F:\egg\node_modules\egg-logrotator\app\schedule\clean_log.js
2019-12-05 15:32:16,905 INFO 237556 [egg-schedule]: register schedule F:\egg\node_modules\egg-logrotator\app\schedule\rotate_by_file.js
2019-12-05 15:58:36,562 INFO 235048 [egg-schedule]: register schedule F:\egg\node_modules\egg-multipart\app\schedule\clean_tmpdir.js
2019-12-05 15:58:36,562 INFO 235048 [egg-schedule]: register schedule F:\egg\node_modules\egg-logrotator\app\schedule\clean_log.js
2019-12-05 15:58:36,562 INFO 235048 [egg-schedule]: register schedule F:\egg\node_modules\egg-logrotator\app\schedule\rotate_by_file.js
2019-12-05 15:58:38,034 INFO 230856 [egg-schedule]: register schedule F:\egg\node_modules\egg-multipart\app\schedule\clean_tmpdir.js
2019-12-05 15:58:38,034 INFO 230856 [egg-schedule]: register schedule F:\egg\node_modules\egg-logrotator\app\schedule\clean_log.js
2019-12-05 15:58:38,034 INFO 230856 [egg-schedule]: register schedule F:\egg\node_modules\egg-logrotator\app\schedule\rotate_by_file.js
2019-12-05 16:53:52,598 INFO 219880 [egg-schedule]: register schedule F:\egg\node_modules\egg-multipart\app\schedule\clean_tmpdir.js
2019-12-05 16:53:52,598 INFO 219880 [egg-schedule]: register schedule F:\egg\node_modules\egg-logrotator\app\schedule\clean_log.js
2019-12-05 16:53:52,599 INFO 219880 [egg-schedule]: register schedule F:\egg\node_modules\egg-logrotator\app\schedule\rotate_by_file.js
2019-12-05 16:53:54,020 INFO 237612 [egg-schedule]: register schedule F:\egg\node_modules\egg-multipart\app\schedule\clean_tmpdir.js
2019-12-05 16:53:54,020 INFO 237612 [egg-schedule]: register schedule F:\egg\node_modules\egg-logrotator\app\schedule\clean_log.js
2019-12-05 16:53:54,020 INFO 237612 [egg-schedule]: register schedule F:\egg\node_modules\egg-logrotator\app\schedule\rotate_by_file.js
2019-12-05 17:00:50,733 INFO 234056 [egg-schedule]: register schedule F:\egg\node_modules\egg-multipart\app\schedule\clean_tmpdir.js
2019-12-05 17:00:50,733 INFO 234056 [egg-schedule]: register schedule F:\egg\node_modules\egg-logrotator\app\schedule\clean_log.js
2019-12-05 17:00:50,733 INFO 234056 [egg-schedule]: register schedule F:\egg\node_modules\egg-logrotator\app\schedule\rotate_by_file.js
2019-12-05 17:00:52,187 INFO 236732 [egg-schedule]: register schedule F:\egg\node_modules\egg-multipart\app\schedule\clean_tmpdir.js
2019-12-05 17:00:52,187 INFO 236732 [egg-schedule]: register schedule F:\egg\node_modules\egg-logrotator\app\schedule\clean_log.js
2019-12-05 17:00:52,187 INFO 236732 [egg-schedule]: register schedule F:\egg\node_modules\egg-logrotator\app\schedule\rotate_by_file.js
2019-12-05 17:01:55,083 INFO 220900 [egg-schedule]: register schedule F:\egg\node_modules\egg-multipart\app\schedule\clean_tmpdir.js
2019-12-05 17:01:55,083 INFO 220900 [egg-schedule]: register schedule F:\egg\node_modules\egg-logrotator\app\schedule\clean_log.js
2019-12-05 17:01:55,083 INFO 220900 [egg-schedule]: register schedule F:\egg\node_modules\egg-logrotator\app\schedule\rotate_by_file.js
2019-12-05 17:02:47,195 INFO 239736 [egg-schedule]: register schedule F:\egg\node_modules\egg-multipart\app\schedule\clean_tmpdir.js
2019-12-05 17:02:47,195 INFO 239736 [egg-schedule]: register schedule F:\egg\node_modules\egg-logrotator\app\schedule\clean_log.js
2019-12-05 17:02:47,195 INFO 239736 [egg-schedule]: register schedule F:\egg\node_modules\egg-logrotator\app\schedule\rotate_by_file.js
2019-12-05 17:10:36,538 INFO 241460 [egg-schedule]: register schedule F:\egg\node_modules\egg-multipart\app\schedule\clean_tmpdir.js
2019-12-05 17:10:36,538 INFO 241460 [egg-schedule]: register schedule F:\egg\node_modules\egg-logrotator\app\schedule\clean_log.js
2019-12-05 17:10:36,538 INFO 241460 [egg-schedule]: register schedule F:\egg\node_modules\egg-logrotator\app\schedule\rotate_by_file.js
2019-12-05 17:22:00,042 INFO 238724 [egg-schedule]: register schedule F:\egg\node_modules\egg-multipart\app\schedule\clean_tmpdir.js
2019-12-05 17:22:00,042 INFO 238724 [egg-schedule]: register schedule F:\egg\node_modules\egg-logrotator\app\schedule\clean_log.js
2019-12-05 17:22:00,042 INFO 238724 [egg-schedule]: register schedule F:\egg\node_modules\egg-logrotator\app\schedule\rotate_by_file.js
2019-12-05 17:22:59,075 INFO 241464 [egg-schedule]: register schedule F:\egg\node_modules\egg-multipart\app\schedule\clean_tmpdir.js
2019-12-05 17:22:59,075 INFO 241464 [egg-schedule]: register schedule F:\egg\node_modules\egg-logrotator\app\schedule\clean_log.js
2019-12-05 17:22:59,075 INFO 241464 [egg-schedule]: register schedule F:\egg\node_modules\egg-logrotator\app\schedule\rotate_by_file.js
2019-12-05 17:23:49,276 INFO 227692 [egg-schedule]: register schedule F:\egg\node_modules\egg-multipart\app\schedule\clean_tmpdir.js
2019-12-05 17:23:49,276 INFO 227692 [egg-schedule]: register schedule F:\egg\node_modules\egg-logrotator\app\schedule\clean_log.js
2019-12-05 17:23:49,276 INFO 227692 [egg-schedule]: register schedule F:\egg\node_modules\egg-logrotator\app\schedule\rotate_by_file.js
2019-12-05 17:58:28,426 INFO 241272 [egg-schedule]: register schedule F:\egg\node_modules\egg-multipart\app\schedule\clean_tmpdir.js
2019-12-05 17:58:28,426 INFO 241272 [egg-schedule]: register schedule F:\egg\node_modules\egg-logrotator\app\schedule\clean_log.js
2019-12-05 17:58:28,426 INFO 241272 [egg-schedule]: register schedule F:\egg\node_modules\egg-logrotator\app\schedule\rotate_by_file.js
2019-12-05 17:58:29,971 INFO 241404 [egg-schedule]: register schedule F:\egg\node_modules\egg-multipart\app\schedule\clean_tmpdir.js
2019-12-05 17:58:29,971 INFO 241404 [egg-schedule]: register schedule F:\egg\node_modules\egg-logrotator\app\schedule\clean_log.js
2019-12-05 17:58:29,971 INFO 241404 [egg-schedule]: register schedule F:\egg\node_modules\egg-logrotator\app\schedule\rotate_by_file.js
2019-12-05 17:58:53,191 INFO 240812 [egg-schedule]: register schedule F:\egg\node_modules\egg-multipart\app\schedule\clean_tmpdir.js
2019-12-05 17:58:53,191 INFO 240812 [egg-schedule]: register schedule F:\egg\node_modules\egg-logrotator\app\schedule\clean_log.js
2019-12-05 17:58:53,191 INFO 240812 [egg-schedule]: register schedule F:\egg\node_modules\egg-logrotator\app\schedule\rotate_by_file.js
2019-12-05 18:00:33,383 INFO 222872 [egg-schedule]: register schedule F:\egg\node_modules\egg-multipart\app\schedule\clean_tmpdir.js
2019-12-05 18:00:33,383 INFO 222872 [egg-schedule]: register schedule F:\egg\node_modules\egg-logrotator\app\schedule\clean_log.js
2019-12-05 18:00:33,383 INFO 222872 [egg-schedule]: register schedule F:\egg\node_modules\egg-logrotator\app\schedule\rotate_by_file.js
2019-12-05 18:00:48,592 INFO 241152 [egg-schedule]: register schedule F:\egg\node_modules\egg-multipart\app\schedule\clean_tmpdir.js
2019-12-05 18:00:48,592 INFO 241152 [egg-schedule]: register schedule F:\egg\node_modules\egg-logrotator\app\schedule\clean_log.js
2019-12-05 18:00:48,592 INFO 241152 [egg-schedule]: register schedule F:\egg\node_modules\egg-logrotator\app\schedule\rotate_by_file.js
2019-12-05 18:01:37,170 INFO 236464 [egg-schedule]: register schedule F:\egg\node_modules\egg-multipart\app\schedule\clean_tmpdir.js
2019-12-05 18:01:37,170 INFO 236464 [egg-schedule]: register schedule F:\egg\node_modules\egg-logrotator\app\schedule\clean_log.js
2019-12-05 18:01:37,170 INFO 236464 [egg-schedule]: register schedule F:\egg\node_modules\egg-logrotator\app\schedule\rotate_by_file.js
2019-12-05 18:01:38,703 INFO 241712 [egg-schedule]: register schedule F:\egg\node_modules\egg-multipart\app\schedule\clean_tmpdir.js
2019-12-05 18:01:38,703 INFO 241712 [egg-schedule]: register schedule F:\egg\node_modules\egg-logrotator\app\schedule\clean_log.js
2019-12-05 18:01:38,703 INFO 241712 [egg-schedule]: register schedule F:\egg\node_modules\egg-logrotator\app\schedule\rotate_by_file.js
2019-12-05 18:06:49,165 INFO 242048 [egg-schedule]: register schedule F:\egg\node_modules\egg-multipart\app\schedule\clean_tmpdir.js
2019-12-05 18:06:49,165 INFO 242048 [egg-schedule]: register schedule F:\egg\node_modules\egg-logrotator\app\schedule\clean_log.js
2019-12-05 18:06:49,166 INFO 242048 [egg-schedule]: register schedule F:\egg\node_modules\egg-logrotator\app\schedule\rotate_by_file.js
2019-12-05 18:06:50,516 INFO 242096 [egg-schedule]: register schedule F:\egg\node_modules\egg-multipart\app\schedule\clean_tmpdir.js
2019-12-05 18:06:50,516 INFO 242096 [egg-schedule]: register schedule F:\egg\node_modules\egg-logrotator\app\schedule\clean_log.js
2019-12-05 18:06:50,516 INFO 242096 [egg-schedule]: register schedule F:\egg\node_modules\egg-logrotator\app\schedule\rotate_by_file.js
2019-12-05 18:07:24,566 INFO 242224 [egg-schedule]: register schedule F:\egg\node_modules\egg-multipart\app\schedule\clean_tmpdir.js
2019-12-05 18:07:24,566 INFO 242224 [egg-schedule]: register schedule F:\egg\node_modules\egg-logrotator\app\schedule\clean_log.js
2019-12-05 18:07:24,566 INFO 242224 [egg-schedule]: register schedule F:\egg\node_modules\egg-logrotator\app\schedule\rotate_by_file.js
2019-12-05 18:08:13,382 INFO 240872 [egg-schedule]: register schedule F:\egg\node_modules\egg-multipart\app\schedule\clean_tmpdir.js
2019-12-05 18:08:13,383 INFO 240872 [egg-schedule]: register schedule F:\egg\node_modules\egg-logrotator\app\schedule\clean_log.js
2019-12-05 18:08:13,383 INFO 240872 [egg-schedule]: register schedule F:\egg\node_modules\egg-logrotator\app\schedule\rotate_by_file.js
2019-12-05 18:08:51,324 INFO 230048 [egg-schedule]: register schedule F:\egg\node_modules\egg-multipart\app\schedule\clean_tmpdir.js
2019-12-05 18:08:51,324 INFO 230048 [egg-schedule]: register schedule F:\egg\node_modules\egg-logrotator\app\schedule\clean_log.js
2019-12-05 18:08:51,324 INFO 230048 [egg-schedule]: register schedule F:\egg\node_modules\egg-logrotator\app\schedule\rotate_by_file.js
2019-12-05 18:09:05,715 INFO 241068 [egg-schedule]: register schedule F:\egg\node_modules\egg-multipart\app\schedule\clean_tmpdir.js
2019-12-05 18:09:05,716 INFO 241068 [egg-schedule]: register schedule F:\egg\node_modules\egg-logrotator\app\schedule\clean_log.js
2019-12-05 18:09:05,716 INFO 241068 [egg-schedule]: register schedule F:\egg\node_modules\egg-logrotator\app\schedule\rotate_by_file.js
2019-12-05 18:09:21,973 INFO 235788 [egg-schedule]: register schedule F:\egg\node_modules\egg-multipart\app\schedule\clean_tmpdir.js
2019-12-05 18:09:21,973 INFO 235788 [egg-schedule]: register schedule F:\egg\node_modules\egg-logrotator\app\schedule\clean_log.js
2019-12-05 18:09:21,973 INFO 235788 [egg-schedule]: register schedule F:\egg\node_modules\egg-logrotator\app\schedule\rotate_by_file.js
2019-12-05 18:12:40,214 INFO 241724 [egg-schedule]: register schedule F:\egg\node_modules\egg-multipart\app\schedule\clean_tmpdir.js
2019-12-05 18:12:40,214 INFO 241724 [egg-schedule]: register schedule F:\egg\node_modules\egg-logrotator\app\schedule\clean_log.js
2019-12-05 18:12:40,214 INFO 241724 [egg-schedule]: register schedule F:\egg\node_modules\egg-logrotator\app\schedule\rotate_by_file.js
2019-12-05 18:12:51,206 INFO 241496 [egg-schedule]: register schedule F:\egg\node_modules\egg-multipart\app\schedule\clean_tmpdir.js
2019-12-05 18:12:51,206 INFO 241496 [egg-schedule]: register schedule F:\egg\node_modules\egg-logrotator\app\schedule\clean_log.js
2019-12-05 18:12:51,206 INFO 241496 [egg-schedule]: register schedule F:\egg\node_modules\egg-logrotator\app\schedule\rotate_by_file.js
2019-12-05 18:13:23,430 INFO 242324 [egg-schedule]: register schedule F:\egg\node_modules\egg-multipart\app\schedule\clean_tmpdir.js
2019-12-05 18:13:23,430 INFO 242324 [egg-schedule]: register schedule F:\egg\node_modules\egg-logrotator\app\schedule\clean_log.js
2019-12-05 18:13:23,430 INFO 242324 [egg-schedule]: register schedule F:\egg\node_modules\egg-logrotator\app\schedule\rotate_by_file.js
2019-12-05 18:13:26,514 INFO 242248 [egg-schedule]: register schedule F:\egg\node_modules\egg-multipart\app\schedule\clean_tmpdir.js
2019-12-05 18:13:26,514 INFO 242248 [egg-schedule]: register schedule F:\egg\node_modules\egg-logrotator\app\schedule\clean_log.js
2019-12-05 18:13:26,514 INFO 242248 [egg-schedule]: register schedule F:\egg\node_modules\egg-logrotator\app\schedule\rotate_by_file.js
2019-12-05 18:13:41,742 INFO 241492 [egg-schedule]: register schedule F:\egg\node_modules\egg-multipart\app\schedule\clean_tmpdir.js
2019-12-05 18:13:41,742 INFO 241492 [egg-schedule]: register schedule F:\egg\node_modules\egg-logrotator\app\schedule\clean_log.js
2019-12-05 18:13:41,742 INFO 241492 [egg-schedule]: register schedule F:\egg\node_modules\egg-logrotator\app\schedule\rotate_by_file.js
